<?xml version="1.0" encoding="UTF-8"?>
<!-- Generated by org.testng.reporters.JUnitReportReporter -->
<testsuite hostname="Muhammad-Basheer" failures="0" tests="1" name="Login.LoginTests" time="20.710" errors="0" timestamp="2020-12-15T11:37:10 WAT" skipped="0">
  <testcase classname="Login.LoginTests" name="testLogin" time="20.710"/>
  <system-out/>
</testsuite> <!-- Login.LoginTests -->
